#
# There is insufficient memory for the Java Runtime Environment to continue.
# Native memory allocation (malloc) failed to allocate 755584 bytes for Chunk::new
# Possible reasons:
#   The system is out of physical RAM or swap space
#   The process is running with CompressedOops enabled, and the Java Heap may be blocking the growth of the native heap
# Possible solutions:
#   Reduce memory load on the system
#   Increase physical memory or swap space
#   Check if swap backing store is full
#   Decrease Java heap size (-Xmx/-Xms)
#   Decrease number of Java threads
#   Decrease Java thread stack sizes (-Xss)
#   Set larger code cache with -XX:ReservedCodeCacheSize=
#   JVM is running with Unscaled Compressed Oops mode in which the Java heap is
#     placed in the first 4GB address space. The Java Heap base address is the
#     maximum limit for the native heap growth. Please use -XX:HeapBaseMinAddress
#     to set the Java Heap base and to place the Java Heap above 4GB virtual address.
# This output file may be truncated or incomplete.
#
#  Out of Memory Error (arena.cpp:191), pid=28896, tid=31084
#
# JRE version: OpenJDK Runtime Environment (17.0.10) (build 17.0.10+0--11609105)
# Java VM: OpenJDK 64-Bit Server VM (17.0.10+0--11609105, mixed mode, tiered, compressed oops, compressed class ptrs, g1 gc, windows-amd64)
# No core dump will be written. Minidumps are not enabled by default on client versions of Windows
#

---------------  S U M M A R Y ------------

Command Line: --add-opens=java.base/java.util=ALL-UNNAMED --add-opens=java.base/java.lang=ALL-UNNAMED --add-opens=java.base/java.lang.invoke=ALL-UNNAMED --add-opens=java.prefs/java.util.prefs=ALL-UNNAMED --add-opens=java.base/java.nio.charset=ALL-UNNAMED --add-opens=java.base/java.net=ALL-UNNAMED --add-opens=java.base/java.util.concurrent.atomic=ALL-UNNAMED -Xmx2048m -Dfile.encoding=UTF-8 -Duser.country=ID -Duser.language=en -Duser.variant -javaagent:C:\Users\My ASUS\.gradle\wrapper\dists\gradle-8.4-bin\1w5dpkrfk8irigvoxmyhowfim\gradle-8.4\lib\agents\gradle-instrumentation-agent-8.4.jar org.gradle.launcher.daemon.bootstrap.GradleDaemon 8.4

Host: AMD Ryzen 7 4800H with Radeon Graphics         , 16 cores, 15G,  Windows 11 , 64 bit Build 22621 (10.0.22621.3672)
Time: Wed Jun 19 01:33:08 2024 Malay Peninsula Standard Time elapsed time: 7.271255 seconds (0d 0h 0m 7s)

---------------  T H R E A D  ---------------

Current thread (0x000002194725ae90):  JavaThread "C2 CompilerThread1" daemon [_thread_in_native, id=31084, stack(0x00000029b6300000,0x00000029b6400000)]


Current CompileTask:
C2:   7271 5126       4       org.objectweb.asm.SymbolTable::addConstantMemberReference (147 bytes)

Stack: [0x00000029b6300000,0x00000029b6400000]
Native frames: (J=compiled Java code, j=interpreted, Vv=VM code, C=native code)
V  [jvm.dll+0x688de9]
V  [jvm.dll+0x8423da]
V  [jvm.dll+0x84401e]
V  [jvm.dll+0x844683]
V  [jvm.dll+0x24be0f]
V  [jvm.dll+0xac524]
V  [jvm.dll+0xacb6c]
V  [jvm.dll+0x36bd67]
V  [jvm.dll+0x33615a]
V  [jvm.dll+0x3355fa]
V  [jvm.dll+0x21daa1]
V  [jvm.dll+0x21cec1]
V  [jvm.dll+0x1a60ad]
V  [jvm.dll+0x22cd78]
V  [jvm.dll+0x22aeb0]
V  [jvm.dll+0x7f6877]
V  [jvm.dll+0x7f0c7a]
V  [jvm.dll+0x687c65]
C  [ucrtbase.dll+0x29333]
C  [KERNEL32.DLL+0x1257d]
C  [ntdll.dll+0x5af28]


---------------  P R O C E S S  ---------------

Threads class SMR info:
_java_thread_list=0x00000219497ff960, length=46, elements={
0x0000021925633b20, 0x00000219401b1b80, 0x00000219401b2810, 0x00000219401f56b0,
0x00000219401f7090, 0x00000219401f9a70, 0x00000219401fa340, 0x00000219401faff0,
0x00000219401fb9b0, 0x00000219401ffd50, 0x0000021940007cc0, 0x0000021940323860,
0x00000219403b8030, 0x00000219405492a0, 0x00000219452df800, 0x00000219465f4540,
0x00000219473f2150, 0x0000021947657890, 0x0000021946d5dc60, 0x0000021946ebe130,
0x00000219473a7820, 0x00000219473aa0a0, 0x00000219473a9170, 0x00000219473a7310,
0x00000219473a8c60, 0x00000219473a68f0, 0x00000219473a8240, 0x000002194725ae90,
0x00000219473a6e00, 0x00000219473a8750, 0x00000219473a9680, 0x00000219473a9b90,
0x000002194776c4a0, 0x0000021947771fc0, 0x000002194776cec0, 0x000002194776e810,
0x000002194776b060, 0x0000021946a8e1e0, 0x000002194776b570, 0x000002194776d3d0,
0x00000219477724d0, 0x0000021947770b80, 0x00000219477729e0, 0x000002194776ba80,
0x00000219452c1ee0, 0x00000219452bf460
}

Java Threads: ( => current thread )
  0x0000021925633b20 JavaThread "main" [_thread_blocked, id=3728, stack(0x00000029b3300000,0x00000029b3400000)]
  0x00000219401b1b80 JavaThread "Reference Handler" daemon [_thread_blocked, id=4864, stack(0x00000029b3a00000,0x00000029b3b00000)]
  0x00000219401b2810 JavaThread "Finalizer" daemon [_thread_blocked, id=26404, stack(0x00000029b3b00000,0x00000029b3c00000)]
  0x00000219401f56b0 JavaThread "Signal Dispatcher" daemon [_thread_blocked, id=31104, stack(0x00000029b3c00000,0x00000029b3d00000)]
  0x00000219401f7090 JavaThread "Attach Listener" daemon [_thread_blocked, id=18080, stack(0x00000029b3d00000,0x00000029b3e00000)]
  0x00000219401f9a70 JavaThread "Service Thread" daemon [_thread_blocked, id=12344, stack(0x00000029b3e00000,0x00000029b3f00000)]
  0x00000219401fa340 JavaThread "Monitor Deflation Thread" daemon [_thread_blocked, id=6212, stack(0x00000029b3f00000,0x00000029b4000000)]
  0x00000219401faff0 JavaThread "C2 CompilerThread0" daemon [_thread_in_native, id=6548, stack(0x00000029b4000000,0x00000029b4100000)]
  0x00000219401fb9b0 JavaThread "C1 CompilerThread0" daemon [_thread_blocked, id=15388, stack(0x00000029b4100000,0x00000029b4200000)]
  0x00000219401ffd50 JavaThread "Sweeper thread" daemon [_thread_blocked, id=17176, stack(0x00000029b4200000,0x00000029b4300000)]
  0x0000021940007cc0 JavaThread "Common-Cleaner" daemon [_thread_blocked, id=28516, stack(0x00000029b4300000,0x00000029b4400000)]
  0x0000021940323860 JavaThread "C1 CompilerThread1" daemon [_thread_blocked, id=26032, stack(0x00000029b4400000,0x00000029b4500000)]
  0x00000219403b8030 JavaThread "C1 CompilerThread2" daemon [_thread_blocked, id=30792, stack(0x00000029b4500000,0x00000029b4600000)]
  0x00000219405492a0 JavaThread "Notification Thread" daemon [_thread_blocked, id=16432, stack(0x00000029b4600000,0x00000029b4700000)]
  0x00000219452df800 JavaThread "C1 CompilerThread3" daemon [_thread_blocked, id=9064, stack(0x00000029b4900000,0x00000029b4a00000)]
  0x00000219465f4540 JavaThread "Daemon health stats" [_thread_blocked, id=18540, stack(0x00000029b4f00000,0x00000029b5000000)]
  0x00000219473f2150 JavaThread "Incoming local TCP Connector on port 50890" [_thread_in_native, id=28624, stack(0x00000029b5000000,0x00000029b5100000)]
  0x0000021947657890 JavaThread "Daemon periodic checks" [_thread_blocked, id=23284, stack(0x00000029b5100000,0x00000029b5200000)]
  0x0000021946d5dc60 JavaThread "Daemon" [_thread_blocked, id=17888, stack(0x00000029b5200000,0x00000029b5300000)]
  0x0000021946ebe130 JavaThread "Handler for socket connection from /127.0.0.1:50890 to /127.0.0.1:50891" [_thread_in_native, id=19228, stack(0x00000029b5300000,0x00000029b5400000)]
  0x00000219473a7820 JavaThread "Cancel handler" [_thread_blocked, id=18568, stack(0x00000029b5400000,0x00000029b5500000)]
  0x00000219473aa0a0 JavaThread "Daemon worker" [_thread_in_native, id=28612, stack(0x00000029b5500000,0x00000029b5600000)]
  0x00000219473a9170 JavaThread "Asynchronous log dispatcher for DefaultDaemonConnection: socket connection from /127.0.0.1:50890 to /127.0.0.1:50891" [_thread_blocked, id=14004, stack(0x00000029b5600000,0x00000029b5700000)]
  0x00000219473a7310 JavaThread "Stdin handler" [_thread_blocked, id=27912, stack(0x00000029b5700000,0x00000029b5800000)]
  0x00000219473a8c60 JavaThread "Daemon client event forwarder" [_thread_blocked, id=13188, stack(0x00000029b5800000,0x00000029b5900000)]
  0x00000219473a68f0 JavaThread "Cache worker for journal cache (C:\Users\My ASUS\.gradle\caches\journal-1)" [_thread_blocked, id=29896, stack(0x00000029b6100000,0x00000029b6200000)]
  0x00000219473a8240 JavaThread "File lock request listener" [_thread_in_native, id=24640, stack(0x00000029b6200000,0x00000029b6300000)]
=>0x000002194725ae90 JavaThread "C2 CompilerThread1" daemon [_thread_in_native, id=31084, stack(0x00000029b6300000,0x00000029b6400000)]
  0x00000219473a6e00 JavaThread "Cache worker for file hash cache (C:\Users\My ASUS\.gradle\caches\8.4\fileHashes)" [_thread_blocked, id=25216, stack(0x00000029b6500000,0x00000029b6600000)]
  0x00000219473a8750 JavaThread "File watcher server" daemon [_thread_in_native, id=4640, stack(0x00000029b6600000,0x00000029b6700000)]
  0x00000219473a9680 JavaThread "File watcher consumer" daemon [_thread_blocked, id=8508, stack(0x00000029b6700000,0x00000029b6800000)]
  0x00000219473a9b90 JavaThread "Cache worker for checksums cache (D:\ProgramData\AndroidStudioProjects\Cookinian\.gradle\8.4\checksums)" [_thread_blocked, id=29492, stack(0x00000029b6800000,0x00000029b6900000)]
  0x000002194776c4a0 JavaThread "Cache worker for file hash cache (D:\ProgramData\AndroidStudioProjects\Cookinian\.gradle\8.4\fileHashes)" [_thread_blocked, id=7364, stack(0x00000029b6900000,0x00000029b6a00000)]
  0x0000021947771fc0 JavaThread "Cache worker for cache directory md-supplier (C:\Users\My ASUS\.gradle\caches\8.4\md-supplier)" [_thread_blocked, id=18876, stack(0x00000029b6a00000,0x00000029b6b00000)]
  0x000002194776cec0 JavaThread "Cache worker for file content cache (C:\Users\My ASUS\.gradle\caches\8.4\fileContent)" [_thread_blocked, id=13056, stack(0x00000029b6b00000,0x00000029b6c00000)]
  0x000002194776e810 JavaThread "Cache worker for cache directory md-rule (C:\Users\My ASUS\.gradle\caches\8.4\md-rule)" [_thread_blocked, id=19220, stack(0x00000029b6400000,0x00000029b6500000)]
  0x000002194776b060 JavaThread "Cache worker for execution history cache (C:\Users\My ASUS\.gradle\caches\8.4\executionHistory)" [_thread_blocked, id=18436, stack(0x00000029b6c00000,0x00000029b6d00000)]
  0x0000021946a8e1e0 JavaThread "C2 CompilerThread2" daemon [_thread_blocked, id=18456, stack(0x00000029b6d00000,0x00000029b6e00000)]
  0x000002194776b570 JavaThread "Cache worker for kotlin-dsl (C:\Users\My ASUS\.gradle\caches\8.4\kotlin-dsl)" [_thread_blocked, id=29668, stack(0x00000029b7100000,0x00000029b7200000)]
  0x000002194776d3d0 JavaThread "jar transforms" [_thread_blocked, id=15708, stack(0x00000029b7200000,0x00000029b7300000)]
  0x00000219477724d0 JavaThread "jar transforms Thread 2" [_thread_blocked, id=7356, stack(0x00000029b7300000,0x00000029b7400000)]
  0x0000021947770b80 JavaThread "jar transforms Thread 3" [_thread_blocked, id=25528, stack(0x00000029b7400000,0x00000029b7500000)]
  0x00000219477729e0 JavaThread "jar transforms Thread 4" [_thread_blocked, id=19952, stack(0x00000029b7500000,0x00000029b7600000)]
  0x000002194776ba80 JavaThread "Cache worker for dependencies-accessors (D:\ProgramData\AndroidStudioProjects\Cookinian\.gradle\8.4\dependencies-accessors)" [_thread_blocked, id=1592, stack(0x00000029b7600000,0x00000029b7700000)]
  0x00000219452c1ee0 JavaThread "C2 CompilerThread3" daemon [_thread_blocked, id=11812, stack(0x00000029b6e00000,0x00000029b6f00000)]
  0x00000219452bf460 JavaThread "C2 CompilerThread4" daemon [_thread_blocked, id=26844, stack(0x00000029b6f00000,0x00000029b7000000)]

Other Threads:
  0x00000219401aa620 VMThread "VM Thread" [stack: 0x00000029b3900000,0x00000029b3a00000] [id=13848]
  0x00000219256348b0 WatcherThread [stack: 0x00000029b4700000,0x00000029b4800000] [id=8036]
  0x000002192568faa0 GCTaskThread "GC Thread#0" [stack: 0x00000029b3400000,0x00000029b3500000] [id=25116]
  0x00000219457bf6a0 GCTaskThread "GC Thread#1" [stack: 0x00000029b4a00000,0x00000029b4b00000] [id=23412]
  0x0000021945031570 GCTaskThread "GC Thread#2" [stack: 0x00000029b4b00000,0x00000029b4c00000] [id=2488]
  0x00000219457d1770 GCTaskThread "GC Thread#3" [stack: 0x00000029b4c00000,0x00000029b4d00000] [id=19736]
  0x000002194578b860 GCTaskThread "GC Thread#4" [stack: 0x00000029b4d00000,0x00000029b4e00000] [id=10236]
  0x00000219473f2630 GCTaskThread "GC Thread#5" [stack: 0x00000029b4800000,0x00000029b4900000] [id=18376]
  0x0000021945c33950 GCTaskThread "GC Thread#6" [stack: 0x00000029b4e00000,0x00000029b4f00000] [id=13752]
  0x0000021946c07cb0 GCTaskThread "GC Thread#7" [stack: 0x00000029b5900000,0x00000029b5a00000] [id=4908]
  0x0000021946d81b40 GCTaskThread "GC Thread#8" [stack: 0x00000029b5a00000,0x00000029b5b00000] [id=28160]
  0x0000021946d667c0 GCTaskThread "GC Thread#9" [stack: 0x00000029b5b00000,0x00000029b5c00000] [id=16348]
  0x0000021946d672c0 GCTaskThread "GC Thread#10" [stack: 0x00000029b5c00000,0x00000029b5d00000] [id=13980]
  0x0000021946d66d40 GCTaskThread "GC Thread#11" [stack: 0x00000029b5d00000,0x00000029b5e00000] [id=25608]
  0x0000021946d67000 GCTaskThread "GC Thread#12" [stack: 0x00000029b5e00000,0x00000029b5f00000] [id=30012]
  0x000002192346dfe0 ConcurrentGCThread "G1 Main Marker" [stack: 0x00000029b3500000,0x00000029b3600000] [id=25068]
  0x000002192346e910 ConcurrentGCThread "G1 Conc#0" [stack: 0x00000029b3600000,0x00000029b3700000] [id=26852]
  0x0000021946d67580 ConcurrentGCThread "G1 Conc#1" [stack: 0x00000029b5f00000,0x00000029b6000000] [id=28812]
  0x0000021946d66500 ConcurrentGCThread "G1 Conc#2" [stack: 0x00000029b6000000,0x00000029b6100000] [id=25668]
  0x000002193fed4300 ConcurrentGCThread "G1 Refine#0" [stack: 0x00000029b3700000,0x00000029b3800000] [id=24568]
  0x000002193fed4c40 ConcurrentGCThread "G1 Service" [stack: 0x00000029b3800000,0x00000029b3900000] [id=26884]

Threads with active compile tasks:
C2 CompilerThread0     7294 5167       4       org.objectweb.asm.ClassReader::readUtf (161 bytes)
C2 CompilerThread1     7294 5126       4       org.objectweb.asm.SymbolTable::addConstantMemberReference (147 bytes)

VM state: not at safepoint (normal execution)

VM Mutex/Monitor currently owned by a thread: None

Heap address: 0x0000000080000000, size: 2048 MB, Compressed Oops mode: 32-bit

CDS archive(s) not mapped
Compressed class space mapped at: 0x0000000100000000-0x0000000140000000, reserved size: 1073741824
Narrow klass base: 0x0000000000000000, Narrow klass shift: 3, Narrow klass range: 0x140000000

GC Precious Log:
 CPUs: 16 total, 16 available
 Memory: 15790M
 Large Page Support: Disabled
 NUMA Support: Disabled
 Compressed Oops: Enabled (32-bit)
 Heap Region Size: 1M
 Heap Min Capacity: 8M
 Heap Initial Capacity: 248M
 Heap Max Capacity: 2G
 Pre-touch: Disabled
 Parallel Workers: 13
 Concurrent Workers: 3
 Concurrent Refinement Workers: 13
 Periodic GC: Disabled

Heap:
 garbage-first heap   total 97280K, used 36020K [0x0000000080000000, 0x0000000100000000)
  region size 1024K, 8 young (8192K), 6 survivors (6144K)
 Metaspace       used 53255K, committed 53760K, reserved 1114112K
  class space    used 7271K, committed 7488K, reserved 1048576K

Heap Regions: E=young(eden), S=young(survivor), O=old, HS=humongous(starts), HC=humongous(continues), CS=collection set, F=free, OA=open archive, CA=closed archive, TAMS=top-at-mark-start (previous, next)
|   0|0x0000000080000000, 0x0000000080100000, 0x0000000080100000|100%|HS|  |TAMS 0x0000000080100000, 0x0000000080000000| Complete 
|   1|0x0000000080100000, 0x0000000080200000, 0x0000000080200000|100%|HC|  |TAMS 0x0000000080200000, 0x0000000080100000| Complete 
|   2|0x0000000080200000, 0x0000000080300000, 0x0000000080300000|100%|HC|  |TAMS 0x0000000080300000, 0x0000000080200000| Complete 
|   3|0x0000000080300000, 0x0000000080400000, 0x0000000080400000|100%|HC|  |TAMS 0x0000000080400000, 0x0000000080300000| Complete 
|   4|0x0000000080400000, 0x0000000080500000, 0x0000000080500000|100%| O|  |TAMS 0x0000000080500000, 0x0000000080400000| Untracked 
|   5|0x0000000080500000, 0x0000000080600000, 0x0000000080600000|100%| O|  |TAMS 0x0000000080600000, 0x0000000080500000| Untracked 
|   6|0x0000000080600000, 0x0000000080700000, 0x0000000080700000|100%| O|  |TAMS 0x0000000080700000, 0x0000000080600000| Untracked 
|   7|0x0000000080700000, 0x0000000080800000, 0x0000000080800000|100%| O|  |TAMS 0x0000000080800000, 0x0000000080700000| Untracked 
|   8|0x0000000080800000, 0x0000000080900000, 0x0000000080900000|100%| O|  |TAMS 0x0000000080900000, 0x0000000080800000| Untracked 
|   9|0x0000000080900000, 0x0000000080a00000, 0x0000000080a00000|100%| O|  |TAMS 0x0000000080a00000, 0x0000000080900000| Untracked 
|  10|0x0000000080a00000, 0x0000000080a53a00, 0x0000000080b00000| 32%| O|  |TAMS 0x0000000080a53a00, 0x0000000080a00000| Untracked 
|  11|0x0000000080b00000, 0x0000000080c00000, 0x0000000080c00000|100%| O|  |TAMS 0x0000000080c00000, 0x0000000080b00000| Untracked 
|  12|0x0000000080c00000, 0x0000000080d00000, 0x0000000080d00000|100%| O|  |TAMS 0x0000000080d00000, 0x0000000080c00000| Untracked 
|  13|0x0000000080d00000, 0x0000000080e00000, 0x0000000080e00000|100%| O|  |TAMS 0x0000000080e00000, 0x0000000080d00000| Untracked 
|  14|0x0000000080e00000, 0x0000000080f00000, 0x0000000080f00000|100%| O|  |TAMS 0x0000000080f00000, 0x0000000080e00000| Untracked 
|  15|0x0000000080f00000, 0x0000000081000000, 0x0000000081000000|100%| O|  |TAMS 0x0000000081000000, 0x0000000080f00000| Untracked 
|  16|0x0000000081000000, 0x0000000081100000, 0x0000000081100000|100%| O|  |TAMS 0x0000000081100000, 0x0000000081000000| Untracked 
|  17|0x0000000081100000, 0x0000000081200000, 0x0000000081200000|100%| O|  |TAMS 0x0000000081200000, 0x0000000081100000| Untracked 
|  18|0x0000000081200000, 0x0000000081300000, 0x0000000081300000|100%| O|  |TAMS 0x0000000081300000, 0x0000000081200000| Untracked 
|  19|0x0000000081300000, 0x0000000081400000, 0x0000000081400000|100%| O|  |TAMS 0x0000000081400000, 0x0000000081300000| Untracked 
|  20|0x0000000081400000, 0x0000000081500000, 0x0000000081500000|100%| O|  |TAMS 0x00000000814cb000, 0x0000000081400000| Untracked 
|  21|0x0000000081500000, 0x0000000081600000, 0x0000000081600000|100%| O|  |TAMS 0x0000000081500000, 0x0000000081500000| Untracked 
|  22|0x0000000081600000, 0x0000000081700000, 0x0000000081700000|100%| O|  |TAMS 0x0000000081600000, 0x0000000081600000| Untracked 
|  23|0x0000000081700000, 0x0000000081800000, 0x0000000081800000|100%| O|  |TAMS 0x0000000081700000, 0x0000000081700000| Untracked 
|  24|0x0000000081800000, 0x0000000081900000, 0x0000000081900000|100%| O|  |TAMS 0x0000000081800000, 0x0000000081800000| Untracked 
|  25|0x0000000081900000, 0x0000000081a00000, 0x0000000081a00000|100%| O|  |TAMS 0x0000000081900000, 0x0000000081900000| Untracked 
|  26|0x0000000081a00000, 0x0000000081b00000, 0x0000000081b00000|100%| O|  |TAMS 0x0000000081a00000, 0x0000000081a00000| Untracked 
|  27|0x0000000081b00000, 0x0000000081c00000, 0x0000000081c00000|100%| O|  |TAMS 0x0000000081b00000, 0x0000000081b00000| Untracked 
|  28|0x0000000081c00000, 0x0000000081d00000, 0x0000000081d00000|100%| O|  |TAMS 0x0000000081c00000, 0x0000000081c00000| Untracked 
|  29|0x0000000081d00000, 0x0000000081dbda00, 0x0000000081e00000| 74%| O|  |TAMS 0x0000000081d00000, 0x0000000081d00000| Untracked 
|  30|0x0000000081e00000, 0x0000000081e00000, 0x0000000081f00000|  0%| F|  |TAMS 0x0000000081e00000, 0x0000000081e00000| Untracked 
|  31|0x0000000081f00000, 0x0000000081f00000, 0x0000000082000000|  0%| F|  |TAMS 0x0000000081f00000, 0x0000000081f00000| Untracked 
|  32|0x0000000082000000, 0x0000000082000000, 0x0000000082100000|  0%| F|  |TAMS 0x0000000082000000, 0x0000000082000000| Untracked 
|  33|0x0000000082100000, 0x0000000082100000, 0x0000000082200000|  0%| F|  |TAMS 0x0000000082100000, 0x0000000082100000| Untracked 
|  34|0x0000000082200000, 0x0000000082200000, 0x0000000082300000|  0%| F|  |TAMS 0x0000000082200000, 0x0000000082200000| Untracked 
|  35|0x0000000082300000, 0x0000000082300000, 0x0000000082400000|  0%| F|  |TAMS 0x0000000082300000, 0x0000000082300000| Untracked 
|  36|0x0000000082400000, 0x0000000082400000, 0x0000000082500000|  0%| F|  |TAMS 0x0000000082400000, 0x0000000082400000| Untracked 
|  37|0x0000000082500000, 0x0000000082500000, 0x0000000082600000|  0%| F|  |TAMS 0x0000000082500000, 0x0000000082500000| Untracked 
|  38|0x0000000082600000, 0x0000000082600000, 0x0000000082700000|  0%| F|  |TAMS 0x0000000082600000, 0x0000000082600000| Untracked 
|  39|0x0000000082700000, 0x0000000082700000, 0x0000000082800000|  0%| F|  |TAMS 0x0000000082700000, 0x0000000082700000| Untracked 
|  40|0x0000000082800000, 0x0000000082800000, 0x0000000082900000|  0%| F|  |TAMS 0x0000000082800000, 0x0000000082800000| Untracked 
|  41|0x0000000082900000, 0x0000000082900000, 0x0000000082a00000|  0%| F|  |TAMS 0x0000000082900000, 0x0000000082900000| Untracked 
|  42|0x0000000082a00000, 0x0000000082a00000, 0x0000000082b00000|  0%| F|  |TAMS 0x0000000082a00000, 0x0000000082a00000| Untracked 
|  43|0x0000000082b00000, 0x0000000082b00000, 0x0000000082c00000|  0%| F|  |TAMS 0x0000000082b00000, 0x0000000082b00000| Untracked 
|  44|0x0000000082c00000, 0x0000000082c1bef0, 0x0000000082d00000| 10%| S|CS|TAMS 0x0000000082c00000, 0x0000000082c00000| Complete 
|  45|0x0000000082d00000, 0x0000000082e00000, 0x0000000082e00000|100%| S|CS|TAMS 0x0000000082d00000, 0x0000000082d00000| Complete 
|  46|0x0000000082e00000, 0x0000000082f00000, 0x0000000082f00000|100%| S|CS|TAMS 0x0000000082e00000, 0x0000000082e00000| Complete 
|  47|0x0000000082f00000, 0x0000000083000000, 0x0000000083000000|100%| S|CS|TAMS 0x0000000082f00000, 0x0000000082f00000| Complete 
|  48|0x0000000083000000, 0x0000000083000000, 0x0000000083100000|  0%| F|  |TAMS 0x0000000083000000, 0x0000000083000000| Untracked 
|  49|0x0000000083100000, 0x0000000083100000, 0x0000000083200000|  0%| F|  |TAMS 0x0000000083100000, 0x0000000083100000| Untracked 
|  50|0x0000000083200000, 0x0000000083200000, 0x0000000083300000|  0%| F|  |TAMS 0x0000000083200000, 0x0000000083200000| Untracked 
|  51|0x0000000083300000, 0x0000000083300000, 0x0000000083400000|  0%| F|  |TAMS 0x0000000083300000, 0x0000000083300000| Untracked 
|  52|0x0000000083400000, 0x0000000083400000, 0x0000000083500000|  0%| F|  |TAMS 0x0000000083400000, 0x0000000083400000| Untracked 
|  53|0x0000000083500000, 0x0000000083600000, 0x0000000083600000|100%| S|CS|TAMS 0x0000000083500000, 0x0000000083500000| Complete 
|  54|0x0000000083600000, 0x0000000083700000, 0x0000000083700000|100%| S|CS|TAMS 0x0000000083600000, 0x0000000083600000| Complete 
|  55|0x0000000083700000, 0x0000000083700000, 0x0000000083800000|  0%| F|  |TAMS 0x0000000083700000, 0x0000000083700000| Untracked 
|  56|0x0000000083800000, 0x0000000083800000, 0x0000000083900000|  0%| F|  |TAMS 0x0000000083800000, 0x0000000083800000| Untracked 
|  57|0x0000000083900000, 0x0000000083900000, 0x0000000083a00000|  0%| F|  |TAMS 0x0000000083900000, 0x0000000083900000| Untracked 
|  58|0x0000000083a00000, 0x0000000083a00000, 0x0000000083b00000|  0%| F|  |TAMS 0x0000000083a00000, 0x0000000083a00000| Untracked 
|  59|0x0000000083b00000, 0x0000000083b00000, 0x0000000083c00000|  0%| F|  |TAMS 0x0000000083b00000, 0x0000000083b00000| Untracked 
|  60|0x0000000083c00000, 0x0000000083c00000, 0x0000000083d00000|  0%| F|  |TAMS 0x0000000083c00000, 0x0000000083c00000| Untracked 
|  61|0x0000000083d00000, 0x0000000083d00000, 0x0000000083e00000|  0%| F|  |TAMS 0x0000000083d00000, 0x0000000083d00000| Untracked 
|  62|0x0000000083e00000, 0x0000000083e00000, 0x0000000083f00000|  0%| F|  |TAMS 0x0000000083e00000, 0x0000000083e00000| Untracked 
|  63|0x0000000083f00000, 0x0000000083f00000, 0x0000000084000000|  0%| F|  |TAMS 0x0000000083f00000, 0x0000000083f00000| Untracked 
|  64|0x0000000084000000, 0x0000000084000000, 0x0000000084100000|  0%| F|  |TAMS 0x0000000084000000, 0x0000000084000000| Untracked 
|  65|0x0000000084100000, 0x0000000084100000, 0x0000000084200000|  0%| F|  |TAMS 0x0000000084100000, 0x0000000084100000| Untracked 
|  66|0x0000000084200000, 0x0000000084200000, 0x0000000084300000|  0%| F|  |TAMS 0x0000000084200000, 0x0000000084200000| Untracked 
|  67|0x0000000084300000, 0x0000000084300000, 0x0000000084400000|  0%| F|  |TAMS 0x0000000084300000, 0x0000000084300000| Untracked 
|  68|0x0000000084400000, 0x0000000084400000, 0x0000000084500000|  0%| F|  |TAMS 0x0000000084400000, 0x0000000084400000| Untracked 
|  69|0x0000000084500000, 0x0000000084500000, 0x0000000084600000|  0%| F|  |TAMS 0x0000000084500000, 0x0000000084500000| Untracked 
|  70|0x0000000084600000, 0x0000000084600000, 0x0000000084700000|  0%| F|  |TAMS 0x0000000084600000, 0x0000000084600000| Untracked 
|  71|0x0000000084700000, 0x0000000084700000, 0x0000000084800000|  0%| F|  |TAMS 0x0000000084700000, 0x0000000084700000| Untracked 
|  72|0x0000000084800000, 0x0000000084800000, 0x0000000084900000|  0%| F|  |TAMS 0x0000000084800000, 0x0000000084800000| Untracked 
|  73|0x0000000084900000, 0x0000000084900000, 0x0000000084a00000|  0%| F|  |TAMS 0x0000000084900000, 0x0000000084900000| Untracked 
|  74|0x0000000084a00000, 0x0000000084a00000, 0x0000000084b00000|  0%| F|  |TAMS 0x0000000084a00000, 0x0000000084a00000| Untracked 
|  75|0x0000000084b00000, 0x0000000084b00000, 0x0000000084c00000|  0%| F|  |TAMS 0x0000000084b00000, 0x0000000084b00000| Untracked 
|  76|0x0000000084c00000, 0x0000000084c00000, 0x0000000084d00000|  0%| F|  |TAMS 0x0000000084c00000, 0x0000000084c00000| Untracked 
|  77|0x0000000084d00000, 0x0000000084d00000, 0x0000000084e00000|  0%| F|  |TAMS 0x0000000084d00000, 0x0000000084d00000| Untracked 
|  78|0x0000000084e00000, 0x0000000084e00000, 0x0000000084f00000|  0%| F|  |TAMS 0x0000000084e00000, 0x0000000084e00000| Untracked 
|  79|0x0000000084f00000, 0x0000000084f00000, 0x0000000085000000|  0%| F|  |TAMS 0x0000000084f00000, 0x0000000084f00000| Untracked 
|  80|0x0000000085000000, 0x0000000085000000, 0x0000000085100000|  0%| F|  |TAMS 0x0000000085000000, 0x0000000085000000| Untracked 
|  81|0x0000000085100000, 0x0000000085100000, 0x0000000085200000|  0%| F|  |TAMS 0x0000000085100000, 0x0000000085100000| Untracked 
|  82|0x0000000085200000, 0x0000000085200000, 0x0000000085300000|  0%| F|  |TAMS 0x0000000085200000, 0x0000000085200000| Untracked 
|  83|0x0000000085300000, 0x0000000085300000, 0x0000000085400000|  0%| F|  |TAMS 0x0000000085300000, 0x0000000085300000| Untracked 
|  84|0x0000000085400000, 0x0000000085400000, 0x0000000085500000|  0%| F|  |TAMS 0x0000000085400000, 0x0000000085400000| Untracked 
| 191|0x000000008bf00000, 0x000000008bf00000, 0x000000008c000000|  0%| F|  |TAMS 0x000000008bf00000, 0x000000008bf00000| Untracked 
| 192|0x000000008c000000, 0x000000008c000000, 0x000000008c100000|  0%| F|  |TAMS 0x000000008c000000, 0x000000008c000000| Untracked 
| 193|0x000000008c100000, 0x000000008c100000, 0x000000008c200000|  0%| F|  |TAMS 0x000000008c100000, 0x000000008c100000| Untracked 
| 194|0x000000008c200000, 0x000000008c200000, 0x000000008c300000|  0%| F|  |TAMS 0x000000008c200000, 0x000000008c200000| Untracked 
| 195|0x000000008c300000, 0x000000008c300000, 0x000000008c400000|  0%| F|  |TAMS 0x000000008c300000, 0x000000008c300000| Untracked 
| 196|0x000000008c400000, 0x000000008c400000, 0x000000008c500000|  0%| F|  |TAMS 0x000000008c400000, 0x000000008c400000| Untracked 
| 197|0x000000008c500000, 0x000000008c500000, 0x000000008c600000|  0%| F|  |TAMS 0x000000008c500000, 0x000000008c500000| Untracked 
| 198|0x000000008c600000, 0x000000008c600000, 0x000000008c700000|  0%| F|  |TAMS 0x000000008c600000, 0x000000008c600000| Untracked 
| 199|0x000000008c700000, 0x000000008c800000, 0x000000008c800000|100%| E|  |TAMS 0x000000008c700000, 0x000000008c700000| Complete 
| 247|0x000000008f700000, 0x000000008f800000, 0x000000008f800000|100%| E|CS|TAMS 0x000000008f700000, 0x000000008f700000| Complete 

Card table byte_map: [0x0000021938780000,0x0000021938b80000] _byte_map_base: 0x0000021938380000

Marking Bits (Prev, Next): (CMBitMap*) 0x000002192568ffd0, (CMBitMap*) 0x0000021925690010
 Prev Bits: [0x0000021938f80000, 0x000002193af80000)
 Next Bits: [0x000002193af80000, 0x000002193cf80000)

Polling page: 0x0000021924de0000

Metaspace:

Usage:
  Non-class:     44.92 MB used.
      Class:      7.10 MB used.
       Both:     52.03 MB used.

Virtual space:
  Non-class space:       64.00 MB reserved,      45.19 MB ( 71%) committed,  1 nodes.
      Class space:        1.00 GB reserved,       7.31 MB ( <1%) committed,  1 nodes.
             Both:        1.06 GB reserved,      52.50 MB (  5%) committed. 

Chunk freelists:
   Non-Class:  2.66 MB
       Class:  8.53 MB
        Both:  11.19 MB

MaxMetaspaceSize: unlimited
CompressedClassSpaceSize: 1.00 GB
Initial GC threshold: 21.00 MB
Current GC threshold: 58.88 MB
CDS: off
MetaspaceReclaimPolicy: balanced
 - commit_granule_bytes: 65536.
 - commit_granule_words: 8192.
 - virtual_space_node_default_size: 8388608.
 - enlarge_chunks_in_place: 1.
 - new_chunks_are_fully_committed: 0.
 - uncommit_free_chunks: 1.
 - use_allocation_guard: 0.
 - handle_deallocations: 1.


Internal statistics:

num_allocs_failed_limit: 6.
num_arena_births: 490.
num_arena_deaths: 0.
num_vsnodes_births: 2.
num_vsnodes_deaths: 0.
num_space_committed: 840.
num_space_uncommitted: 0.
num_chunks_returned_to_freelist: 6.
num_chunks_taken_from_freelist: 2149.
num_chunk_merges: 6.
num_chunk_splits: 1464.
num_chunks_enlarged: 1034.
num_inconsistent_stats: 0.

CodeHeap 'non-profiled nmethods': size=119168Kb used=2272Kb max_used=2914Kb free=116895Kb
 bounds [0x00000219306a0000, 0x0000021930980000, 0x0000021937b00000]
CodeHeap 'profiled nmethods': size=119104Kb used=8688Kb max_used=9299Kb free=110416Kb
 bounds [0x0000021928b00000, 0x0000021929420000, 0x000002192ff50000]
CodeHeap 'non-nmethods': size=7488Kb used=3299Kb max_used=3345Kb free=4188Kb
 bounds [0x000002192ff50000, 0x00000219302a0000, 0x00000219306a0000]
 total_blobs=5164 nmethods=4479 adapters=593
 compilation: enabled
              stopped_count=0, restarted_count=0
 full_count=0

Compilation events (20 events):
Event: 7.257 Thread 0x00000219403b8030 nmethod 5150 0x0000021928c24a10 code [0x0000021928c24be0, 0x0000021928c24f28]
Event: 7.257 Thread 0x0000021940323860 nmethod 5149 0x0000021928b62a10 code [0x0000021928b62be0, 0x0000021928b63098]
Event: 7.257 Thread 0x00000219452df800 5153       1       org.objectweb.asm.Handle::getOwner (5 bytes)
Event: 7.257 Thread 0x00000219401fb9b0 5154       1       org.objectweb.asm.Handle::getName (5 bytes)
Event: 7.257 Thread 0x00000219403b8030 5155       1       org.objectweb.asm.Handle::getDesc (5 bytes)
Event: 7.257 Thread 0x0000021940323860 5156       1       org.objectweb.asm.Handle::isInterface (5 bytes)
Event: 7.257 Thread 0x00000219452df800 nmethod 5153 0x00000219306ece90 code [0x00000219306ed020, 0x00000219306ed0f8]
Event: 7.257 Thread 0x00000219401fb9b0 nmethod 5154 0x00000219306ec990 code [0x00000219306ecb20, 0x00000219306ecbf8]
Event: 7.257 Thread 0x00000219403b8030 nmethod 5155 0x000002193074aa10 code [0x000002193074aba0, 0x000002193074ac78]
Event: 7.257 Thread 0x0000021940323860 nmethod 5156 0x000002193074a710 code [0x000002193074a8a0, 0x000002193074a978]
Event: 7.259 Thread 0x00000219401faff0 nmethod 5144 0x0000021930748e90 code [0x0000021930749080, 0x0000021930749fa8]
Event: 7.264 Thread 0x00000219452c1ee0 nmethod 5148 0x0000021930748210 code [0x00000219307483c0, 0x00000219307488c8]
Event: 7.264 Thread 0x00000219401fb9b0 5157       3       org.objectweb.asm.Label::accept (69 bytes)
Event: 7.264 Thread 0x0000021940323860 5158       3       org.objectweb.asm.Label::addLineNumber (106 bytes)
Event: 7.264 Thread 0x00000219452df800 5159       3       org.objectweb.asm.MethodWriter::visitLineNumber (50 bytes)
Event: 7.264 Thread 0x00000219401faff0 5160       4       org.objectweb.asm.ByteVector::putInt (74 bytes)
Event: 7.265 Thread 0x0000021940323860 nmethod 5158 0x0000021928c24190 code [0x0000021928c24360, 0x0000021928c24888]
Event: 7.265 Thread 0x00000219401fb9b0 nmethod 5157 0x0000021928c23890 code [0x0000021928c23a60, 0x0000021928c23fa8]
Event: 7.265 Thread 0x00000219452df800 nmethod 5159 0x0000021928c23090 code [0x0000021928c23260, 0x0000021928c236f8]
Event: 7.266 Thread 0x00000219401faff0 nmethod 5160 0x00000219306e8410 code [0x00000219306e8580, 0x00000219306e86d8]

GC Heap History (20 events):
Event: 1.203 GC heap before
{Heap before GC invocations=1 (full 0):
 garbage-first heap   total 253952K, used 39524K [0x0000000080000000, 0x0000000100000000)
  region size 1024K, 31 young (31744K), 3 survivors (3072K)
 Metaspace       used 11576K, committed 11712K, reserved 1114112K
  class space    used 1201K, committed 1280K, reserved 1048576K
}
Event: 1.206 GC heap after
{Heap after GC invocations=2 (full 0):
 garbage-first heap   total 253952K, used 11347K [0x0000000080000000, 0x0000000100000000)
  region size 1024K, 1 young (1024K), 1 survivors (1024K)
 Metaspace       used 11576K, committed 11712K, reserved 1114112K
  class space    used 1201K, committed 1280K, reserved 1048576K
}
Event: 2.465 GC heap before
{Heap before GC invocations=2 (full 0):
 garbage-first heap   total 253952K, used 59475K [0x0000000080000000, 0x0000000100000000)
  region size 1024K, 48 young (49152K), 1 survivors (1024K)
 Metaspace       used 21306K, committed 21504K, reserved 1114112K
  class space    used 2518K, committed 2624K, reserved 1048576K
}
Event: 2.471 GC heap after
{Heap after GC invocations=3 (full 0):
 garbage-first heap   total 253952K, used 19189K [0x0000000080000000, 0x0000000100000000)
  region size 1024K, 9 young (9216K), 9 survivors (9216K)
 Metaspace       used 21306K, committed 21504K, reserved 1114112K
  class space    used 2518K, committed 2624K, reserved 1048576K
}
Event: 3.120 GC heap before
{Heap before GC invocations=4 (full 0):
 garbage-first heap   total 71680K, used 52981K [0x0000000080000000, 0x0000000100000000)
  region size 1024K, 42 young (43008K), 9 survivors (9216K)
 Metaspace       used 26350K, committed 26624K, reserved 1114112K
  class space    used 3377K, committed 3520K, reserved 1048576K
}
Event: 3.126 GC heap after
{Heap after GC invocations=5 (full 0):
 garbage-first heap   total 71680K, used 20939K [0x0000000080000000, 0x0000000100000000)
  region size 1024K, 2 young (2048K), 2 survivors (2048K)
 Metaspace       used 26350K, committed 26624K, reserved 1114112K
  class space    used 3377K, committed 3520K, reserved 1048576K
}
Event: 3.834 GC heap before
{Heap before GC invocations=5 (full 0):
 garbage-first heap   total 71680K, used 50635K [0x0000000080000000, 0x0000000100000000)
  region size 1024K, 31 young (31744K), 2 survivors (2048K)
 Metaspace       used 30478K, committed 30784K, reserved 1114112K
  class space    used 4038K, committed 4160K, reserved 1048576K
}
Event: 3.837 GC heap after
{Heap after GC invocations=6 (full 0):
 garbage-first heap   total 71680K, used 22686K [0x0000000080000000, 0x0000000100000000)
  region size 1024K, 4 young (4096K), 4 survivors (4096K)
 Metaspace       used 30478K, committed 30784K, reserved 1114112K
  class space    used 4038K, committed 4160K, reserved 1048576K
}
Event: 4.385 GC heap before
{Heap before GC invocations=6 (full 0):
 garbage-first heap   total 71680K, used 50334K [0x0000000080000000, 0x0000000100000000)
  region size 1024K, 32 young (32768K), 4 survivors (4096K)
 Metaspace       used 33948K, committed 34240K, reserved 1114112K
  class space    used 4611K, committed 4736K, reserved 1048576K
}
Event: 4.393 GC heap after
{Heap after GC invocations=7 (full 0):
 garbage-first heap   total 71680K, used 23719K [0x0000000080000000, 0x0000000100000000)
  region size 1024K, 4 young (4096K), 4 survivors (4096K)
 Metaspace       used 33948K, committed 34240K, reserved 1114112K
  class space    used 4611K, committed 4736K, reserved 1048576K
}
Event: 4.619 GC heap before
{Heap before GC invocations=7 (full 0):
 garbage-first heap   total 71680K, used 32935K [0x0000000080000000, 0x0000000100000000)
  region size 1024K, 15 young (15360K), 4 survivors (4096K)
 Metaspace       used 35761K, committed 36096K, reserved 1114112K
  class space    used 4853K, committed 5056K, reserved 1048576K
}
Event: 4.622 GC heap after
{Heap after GC invocations=8 (full 0):
 garbage-first heap   total 71680K, used 24288K [0x0000000080000000, 0x0000000100000000)
  region size 1024K, 2 young (2048K), 2 survivors (2048K)
 Metaspace       used 35761K, committed 36096K, reserved 1114112K
  class space    used 4853K, committed 5056K, reserved 1048576K
}
Event: 5.159 GC heap before
{Heap before GC invocations=9 (full 0):
 garbage-first heap   total 71680K, used 53984K [0x0000000080000000, 0x0000000100000000)
  region size 1024K, 32 young (32768K), 2 survivors (2048K)
 Metaspace       used 41195K, committed 41536K, reserved 1114112K
  class space    used 5424K, committed 5568K, reserved 1048576K
}
Event: 5.166 GC heap after
{Heap after GC invocations=10 (full 0):
 garbage-first heap   total 71680K, used 27960K [0x0000000080000000, 0x0000000100000000)
  region size 1024K, 4 young (4096K), 4 survivors (4096K)
 Metaspace       used 41195K, committed 41536K, reserved 1114112K
  class space    used 5424K, committed 5568K, reserved 1048576K
}
Event: 5.497 GC heap before
{Heap before GC invocations=10 (full 0):
 garbage-first heap   total 71680K, used 53560K [0x0000000080000000, 0x0000000100000000)
  region size 1024K, 30 young (30720K), 4 survivors (4096K)
 Metaspace       used 42187K, committed 42560K, reserved 1114112K
  class space    used 5591K, committed 5760K, reserved 1048576K
}
Event: 5.501 GC heap after
{Heap after GC invocations=11 (full 0):
 garbage-first heap   total 97280K, used 30069K [0x0000000080000000, 0x0000000100000000)
  region size 1024K, 2 young (2048K), 2 survivors (2048K)
 Metaspace       used 42187K, committed 42560K, reserved 1114112K
  class space    used 5591K, committed 5760K, reserved 1048576K
}
Event: 6.452 GC heap before
{Heap before GC invocations=11 (full 0):
 garbage-first heap   total 97280K, used 75125K [0x0000000080000000, 0x0000000100000000)
  region size 1024K, 44 young (45056K), 2 survivors (2048K)
 Metaspace       used 48034K, committed 48448K, reserved 1114112K
  class space    used 6446K, committed 6656K, reserved 1048576K
}
Event: 6.456 GC heap after
{Heap after GC invocations=12 (full 0):
 garbage-first heap   total 97280K, used 32696K [0x0000000080000000, 0x0000000100000000)
  region size 1024K, 5 young (5120K), 5 survivors (5120K)
 Metaspace       used 48034K, committed 48448K, reserved 1114112K
  class space    used 6446K, committed 6656K, reserved 1048576K
}
Event: 7.260 GC heap before
{Heap before GC invocations=12 (full 0):
 garbage-first heap   total 97280K, used 72632K [0x0000000080000000, 0x0000000100000000)
  region size 1024K, 45 young (46080K), 5 survivors (5120K)
 Metaspace       used 53071K, committed 53504K, reserved 1114112K
  class space    used 7243K, committed 7424K, reserved 1048576K
}
Event: 7.263 GC heap after
{Heap after GC invocations=13 (full 0):
 garbage-first heap   total 97280K, used 34996K [0x0000000080000000, 0x0000000100000000)
  region size 1024K, 6 young (6144K), 6 survivors (6144K)
 Metaspace       used 53071K, committed 53504K, reserved 1114112K
  class space    used 7243K, committed 7424K, reserved 1048576K
}

Dll operation events (3 events):
Event: 0.009 Loaded shared library C:\Program Files\Android\Android Studio1\jbr\bin\java.dll
Event: 0.125 Loaded shared library C:\Program Files\Android\Android Studio1\jbr\bin\zip.dll
Event: 0.443 Loaded shared library C:\Program Files\Android\Android Studio1\jbr\bin\verify.dll

Deoptimization events (20 events):
Event: 6.995 Thread 0x00000219473aa0a0 DEOPT PACKING pc=0x00000219308ca1dc sp=0x00000029b55fa080
Event: 6.995 Thread 0x00000219473aa0a0 DEOPT UNPACKING pc=0x000002192ffa69a3 sp=0x00000029b55f9f78 mode 2
Event: 6.997 Thread 0x00000219473aa0a0 Uncommon trap: trap_request=0xffffffde fr.pc=0x00000219308ca1dc relative=0x0000000000002f7c
Event: 6.997 Thread 0x00000219473aa0a0 Uncommon trap: reason=class_check action=maybe_recompile pc=0x00000219308ca1dc method=java.util.regex.Pattern$CharProperty.study(Ljava/util/regex/Pattern$TreeInfo;)Z @ 25 c2
Event: 6.997 Thread 0x00000219473aa0a0 DEOPT PACKING pc=0x00000219308ca1dc sp=0x00000029b55fa080
Event: 6.997 Thread 0x00000219473aa0a0 DEOPT UNPACKING pc=0x000002192ffa69a3 sp=0x00000029b55f9f78 mode 2
Event: 7.200 Thread 0x00000219473aa0a0 Uncommon trap: trap_request=0xffffff45 fr.pc=0x0000021930853630 relative=0x00000000000002f0
Event: 7.200 Thread 0x00000219473aa0a0 Uncommon trap: reason=unstable_if action=reinterpret pc=0x0000021930853630 method=org.gradle.internal.reflect.PropertyAccessorType.isGetGetterName(Ljava/lang/String;)Z @ 14 c2
Event: 7.200 Thread 0x00000219473aa0a0 DEOPT PACKING pc=0x0000021930853630 sp=0x00000029b55f9360
Event: 7.200 Thread 0x00000219473aa0a0 DEOPT UNPACKING pc=0x000002192ffa69a3 sp=0x00000029b55f92b8 mode 2
Event: 7.216 Thread 0x00000219473aa0a0 Uncommon trap: trap_request=0xffffff45 fr.pc=0x00000219308461e8 relative=0x00000000000000e8
Event: 7.216 Thread 0x00000219473aa0a0 Uncommon trap: reason=unstable_if action=reinterpret pc=0x00000219308461e8 method=org.objectweb.asm.ByteVector.putShort(I)Lorg/objectweb/asm/ByteVector; @ 13 c2
Event: 7.216 Thread 0x00000219473aa0a0 DEOPT PACKING pc=0x00000219308461e8 sp=0x00000029b55f8f70
Event: 7.216 Thread 0x00000219473aa0a0 DEOPT UNPACKING pc=0x000002192ffa69a3 sp=0x00000029b55f8f08 mode 2
Event: 7.242 Thread 0x00000219473aa0a0 Uncommon trap: trap_request=0xffffff45 fr.pc=0x000002193093c608 relative=0x0000000000001728
Event: 7.242 Thread 0x00000219473aa0a0 Uncommon trap: reason=unstable_if action=reinterpret pc=0x000002193093c608 method=java.util.concurrent.ConcurrentHashMap.computeIfAbsent(Ljava/lang/Object;Ljava/util/function/Function;)Ljava/lang/Object; @ 123 c2
Event: 7.242 Thread 0x00000219473aa0a0 DEOPT PACKING pc=0x000002193093c608 sp=0x00000029b55fa250
Event: 7.242 Thread 0x00000219473aa0a0 DEOPT UNPACKING pc=0x000002192ffa69a3 sp=0x00000029b55fa1d0 mode 2
Event: 7.265 Thread 0x00000219473aa0a0 DEOPT PACKING pc=0x0000021928c11963 sp=0x00000029b55f5240
Event: 7.265 Thread 0x00000219473aa0a0 DEOPT UNPACKING pc=0x000002192ffa7143 sp=0x00000029b55f4778 mode 0

Classes unloaded (0 events):
No events

Classes redefined (0 events):
No events

Internal exceptions (20 events):
Event: 6.154 Thread 0x00000219473aa0a0 Exception <a 'java/lang/NoSuchMethodError'{0x0000000084426fa0}: 'void java.lang.invoke.DirectMethodHandle$Holder.invokeInterface(java.lang.Object, java.lang.Object)'> (0x0000000084426fa0) 
thrown [s\src\hotspot\share\interpreter\linkResolver.cpp, line 771]
Event: 6.156 Thread 0x00000219473aa0a0 Exception <a 'java/lang/IncompatibleClassChangeError'{0x00000000844323d0}: Found class java.lang.Object, but interface was expected> (0x00000000844323d0) 
thrown [s\src\hotspot\share\interpreter\linkResolver.cpp, line 838]
Event: 6.199 Thread 0x00000219473aa0a0 Exception <a 'java/lang/NoSuchMethodError'{0x00000000842d7b30}: 'java.lang.Object java.lang.invoke.DirectMethodHandle$Holder.newInvokeSpecial(java.lang.Object, int, java.lang.Object)'> (0x00000000842d7b30) 
thrown [s\src\hotspot\share\interpreter\linkResolver.cpp, line 771]
Event: 6.491 Thread 0x00000219473aa0a0 Exception <a 'sun/nio/fs/WindowsException'{0x000000008c64c170}> (0x000000008c64c170) 
thrown [s\src\hotspot\share\prims\jni.cpp, line 517]
Event: 6.491 Thread 0x00000219473aa0a0 Exception <a 'sun/nio/fs/WindowsException'{0x000000008c64c450}> (0x000000008c64c450) 
thrown [s\src\hotspot\share\prims\jni.cpp, line 517]
Event: 6.491 Thread 0x00000219473aa0a0 Exception <a 'sun/nio/fs/WindowsException'{0x000000008c64ec38}> (0x000000008c64ec38) 
thrown [s\src\hotspot\share\prims\jni.cpp, line 517]
Event: 6.491 Thread 0x00000219473aa0a0 Exception <a 'sun/nio/fs/WindowsException'{0x000000008c64f010}> (0x000000008c64f010) 
thrown [s\src\hotspot\share\prims\jni.cpp, line 517]
Event: 6.493 Thread 0x00000219473aa0a0 Exception <a 'java/lang/NoSuchMethodError'{0x000000008c65c5c0}: 'java.lang.Object java.lang.invoke.DirectMethodHandle$Holder.newInvokeSpecial(java.lang.Object, java.lang.Object, int)'> (0x000000008c65c5c0) 
thrown [s\src\hotspot\share\interpreter\linkResolver.cpp, line 771]
Event: 6.517 Thread 0x00000219473aa0a0 Exception <a 'sun/nio/fs/WindowsException'{0x000000008c5daa38}> (0x000000008c5daa38) 
thrown [s\src\hotspot\share\prims\jni.cpp, line 517]
Event: 6.517 Thread 0x00000219473aa0a0 Exception <a 'sun/nio/fs/WindowsException'{0x000000008c5dae10}> (0x000000008c5dae10) 
thrown [s\src\hotspot\share\prims\jni.cpp, line 517]
Event: 6.543 Thread 0x00000219473aa0a0 Exception <a 'java/lang/NoSuchMethodError'{0x000000008c3d93f0}: 'int java.lang.invoke.DirectMethodHandle$Holder.invokeStatic(java.lang.Object)'> (0x000000008c3d93f0) 
thrown [s\src\hotspot\share\interpreter\linkResolver.cpp, line 771]
Event: 6.543 Thread 0x00000219473aa0a0 Exception <a 'java/lang/NoSuchMethodError'{0x000000008c3dd538}: 'int java.lang.invoke.DirectMethodHandle$Holder.invokeStaticInit(java.lang.Object)'> (0x000000008c3dd538) 
thrown [s\src\hotspot\share\interpreter\linkResolver.cpp, line 771]
Event: 6.717 Thread 0x00000219473aa0a0 Exception <a 'java/lang/NoSuchMethodError'{0x0000000084e28978}: 'void java.lang.invoke.DirectMethodHandle$Holder.invokeStatic(java.lang.Object, java.lang.Object, java.lang.Object, java.lang.Object, java.lang.Object, java.lang.Object, java.lang.Object)'> (0x0000000084e28978) 
thrown [s\src\hotspot\share\interpreter\linkResolver.cpp, line 771]
Event: 6.727 Thread 0x00000219473aa0a0 Exception <a 'java/lang/NoSuchMethodError'{0x0000000084e886b8}: 'java.lang.Object java.lang.invoke.DirectMethodHandle$Holder.invokeVirtual(java.lang.Object, java.lang.Object, int)'> (0x0000000084e886b8) 
thrown [s\src\hotspot\share\interpreter\linkResolver.cpp, line 771]
Event: 7.014 Thread 0x00000219473a8c60 Exception <a 'java/lang/NoSuchMethodError'{0x0000000084320cc0}: static Lorg/gradle/internal/build/event/types/DefaultOperationStartedProgressEvent;.<clinit>()V> (0x0000000084320cc0) 
thrown [s\src\hotspot\share\prims\jni.cpp, line 1108]
Event: 7.015 Thread 0x00000219473a8c60 Exception <a 'java/lang/NoSuchMethodError'{0x0000000084322f88}: static Lorg/gradle/internal/build/event/types/AbstractProgressEvent;.<clinit>()V> (0x0000000084322f88) 
thrown [s\src\hotspot\share\prims\jni.cpp, line 1108]
Event: 7.018 Thread 0x00000219473a8c60 Exception <a 'java/lang/NoSuchMethodError'{0x0000000084335268}: static Lorg/gradle/internal/build/event/types/DefaultProjectConfigurationDescriptor;.<clinit>()V> (0x0000000084335268) 
thrown [s\src\hotspot\share\prims\jni.cpp, line 1108]
Event: 7.019 Thread 0x00000219473a8c60 Exception <a 'java/lang/NoSuchMethodError'{0x00000000843377e0}: static Lorg/gradle/internal/build/event/types/DefaultOperationDescriptor;.<clinit>()V> (0x00000000843377e0) 
thrown [s\src\hotspot\share\prims\jni.cpp, line 1108]
Event: 7.022 Thread 0x00000219473a8c60 Exception <a 'java/lang/NoSuchMethodError'{0x000000008434f2e8}: static Lorg/gradle/internal/operations/OperationIdentifier;.<clinit>()V> (0x000000008434f2e8) 
thrown [s\src\hotspot\share\prims\jni.cpp, line 1108]
Event: 7.196 Thread 0x00000219473aa0a0 Exception <a 'java/lang/NoSuchMethodError'{0x0000000083bf8df8}: 'long java.lang.invoke.DirectMethodHandle$Holder.invokeStatic(java.lang.Object, long)'> (0x0000000083bf8df8) 
thrown [s\src\hotspot\share\interpreter\linkResolver.cpp, line 771]

VM Operations (20 events):
Event: 6.521 Executing VM operation: HandshakeAllThreads
Event: 6.521 Executing VM operation: HandshakeAllThreads done
Event: 6.546 Executing VM operation: HandshakeAllThreads
Event: 6.546 Executing VM operation: HandshakeAllThreads done
Event: 6.556 Executing VM operation: HandshakeAllThreads
Event: 6.556 Executing VM operation: HandshakeAllThreads done
Event: 6.582 Executing VM operation: HandshakeAllThreads
Event: 6.582 Executing VM operation: HandshakeAllThreads done
Event: 6.673 Executing VM operation: HandshakeAllThreads
Event: 6.674 Executing VM operation: HandshakeAllThreads done
Event: 6.757 Executing VM operation: HandshakeAllThreads
Event: 6.757 Executing VM operation: HandshakeAllThreads done
Event: 6.766 Executing VM operation: ICBufferFull
Event: 6.766 Executing VM operation: ICBufferFull done
Event: 6.933 Executing VM operation: HandshakeAllThreads
Event: 6.933 Executing VM operation: HandshakeAllThreads done
Event: 7.197 Executing VM operation: ICBufferFull
Event: 7.197 Executing VM operation: ICBufferFull done
Event: 7.260 Executing VM operation: G1CollectForAllocation
Event: 7.263 Executing VM operation: G1CollectForAllocation done

Events (20 events):
Event: 7.013 loading class java/io/ObjectStreamClass$1
Event: 7.013 loading class java/io/ObjectStreamClass$1 done
Event: 7.013 loading class java/io/ObjectStreamClass$MemberSignature
Event: 7.014 loading class java/io/ObjectStreamClass$MemberSignature done
Event: 7.014 loading class java/io/ObjectStreamClass$3
Event: 7.014 loading class java/io/ObjectStreamClass$3 done
Event: 7.014 loading class java/io/ObjectStreamClass$4
Event: 7.014 loading class java/io/ObjectStreamClass$4 done
Event: 7.014 loading class java/io/ObjectStreamClass$5
Event: 7.014 loading class java/io/ObjectStreamClass$5 done
Event: 7.015 loading class java/io/ObjectStreamClass$ClassDataSlot
Event: 7.015 loading class java/io/ObjectStreamClass$ClassDataSlot done
Event: 7.019 loading class jdk/internal/reflect/UnsafeQualifiedStaticLongFieldAccessorImpl
Event: 7.019 loading class jdk/internal/reflect/UnsafeQualifiedStaticLongFieldAccessorImpl done
Event: 7.023 loading class java/io/SerialCallbackContext
Event: 7.023 loading class java/io/SerialCallbackContext done
Event: 7.143 loading class java/util/DualPivotQuicksort
Event: 7.144 loading class java/util/DualPivotQuicksort done
Event: 7.196 loading class java/util/function/LongUnaryOperator
Event: 7.196 loading class java/util/function/LongUnaryOperator done


Dynamic libraries:
0x00007ff7169e0000 - 0x00007ff7169ea000 	C:\Program Files\Android\Android Studio1\jbr\bin\java.exe
0x00007ffe05110000 - 0x00007ffe05327000 	C:\WINDOWS\SYSTEM32\ntdll.dll
0x00007ffe03620000 - 0x00007ffe036e4000 	C:\WINDOWS\System32\KERNEL32.DLL
0x00007ffe025b0000 - 0x00007ffe0295c000 	C:\WINDOWS\System32\KERNELBASE.dll
0x00007ffe02990000 - 0x00007ffe02aa1000 	C:\WINDOWS\System32\ucrtbase.dll
0x00007ffdef710000 - 0x00007ffdef727000 	C:\Program Files\Android\Android Studio1\jbr\bin\jli.dll
0x00007ffdf0bc0000 - 0x00007ffdf0bdb000 	C:\Program Files\Android\Android Studio1\jbr\bin\VCRUNTIME140.dll
0x00007ffe03a30000 - 0x00007ffe03bde000 	C:\WINDOWS\System32\USER32.dll
0x00007ffdefaf0000 - 0x00007ffdefd83000 	C:\WINDOWS\WinSxS\amd64_microsoft.windows.common-controls_6595b64144ccf1df_6.0.22621.3672_none_2713b9d173822955\COMCTL32.dll
0x00007ffe02c20000 - 0x00007ffe02c46000 	C:\WINDOWS\System32\win32u.dll
0x00007ffe03570000 - 0x00007ffe03617000 	C:\WINDOWS\System32\msvcrt.dll
0x00007ffe02fa0000 - 0x00007ffe02fc9000 	C:\WINDOWS\System32\GDI32.dll
0x00007ffe02410000 - 0x00007ffe02529000 	C:\WINDOWS\System32\gdi32full.dll
0x00007ffe02c50000 - 0x00007ffe02cea000 	C:\WINDOWS\System32\msvcp_win.dll
0x00007ffe03380000 - 0x00007ffe033b1000 	C:\WINDOWS\System32\IMM32.DLL
0x00007ffdfd960000 - 0x00007ffdfd96c000 	C:\Program Files\Android\Android Studio1\jbr\bin\vcruntime140_1.dll
0x00007ffdd0ee0000 - 0x00007ffdd0f6d000 	C:\Program Files\Android\Android Studio1\jbr\bin\msvcp140.dll
0x00007ffd85750000 - 0x00007ffd863d3000 	C:\Program Files\Android\Android Studio1\jbr\bin\server\jvm.dll
0x00007ffe03970000 - 0x00007ffe03a22000 	C:\WINDOWS\System32\ADVAPI32.dll
0x00007ffe036f0000 - 0x00007ffe0379a000 	C:\WINDOWS\System32\sechost.dll
0x00007ffe02960000 - 0x00007ffe02988000 	C:\WINDOWS\System32\bcrypt.dll
0x00007ffe04f80000 - 0x00007ffe05095000 	C:\WINDOWS\System32\RPCRT4.dll
0x00007ffdfdd30000 - 0x00007ffdfdd64000 	C:\WINDOWS\SYSTEM32\WINMM.dll
0x00007ffdff600000 - 0x00007ffdff609000 	C:\WINDOWS\SYSTEM32\WSOCK32.dll
0x00007ffe04e90000 - 0x00007ffe04f01000 	C:\WINDOWS\System32\WS2_32.dll
0x00007ffe02120000 - 0x00007ffe0216d000 	C:\WINDOWS\SYSTEM32\POWRPROF.dll
0x00007ffdfd4e0000 - 0x00007ffdfd4ea000 	C:\WINDOWS\SYSTEM32\VERSION.dll
0x00007ffe02100000 - 0x00007ffe02113000 	C:\WINDOWS\SYSTEM32\UMPDC.dll
0x00007ffe01410000 - 0x00007ffe01428000 	C:\WINDOWS\SYSTEM32\kernel.appcore.dll
0x00007ffdfea50000 - 0x00007ffdfea5a000 	C:\Program Files\Android\Android Studio1\jbr\bin\jimage.dll
0x00007ffdfaa00000 - 0x00007ffdfac32000 	C:\WINDOWS\SYSTEM32\DBGHELP.DLL
0x00007ffe03be0000 - 0x00007ffe03f68000 	C:\WINDOWS\System32\combase.dll
0x00007ffe03890000 - 0x00007ffe03967000 	C:\WINDOWS\System32\OLEAUT32.dll
0x00007ffdf7810000 - 0x00007ffdf7842000 	C:\WINDOWS\SYSTEM32\dbgcore.DLL
0x00007ffe02530000 - 0x00007ffe025ab000 	C:\WINDOWS\System32\bcryptPrimitives.dll
0x00007ffdfa230000 - 0x00007ffdfa23e000 	C:\Program Files\Android\Android Studio1\jbr\bin\instrument.dll
0x00007ffdf7ad0000 - 0x00007ffdf7af5000 	C:\Program Files\Android\Android Studio1\jbr\bin\java.dll
0x00007ffdf52e0000 - 0x00007ffdf52f8000 	C:\Program Files\Android\Android Studio1\jbr\bin\zip.dll
0x00007ffe04470000 - 0x00007ffe04ccc000 	C:\WINDOWS\System32\SHELL32.dll
0x00007ffe00310000 - 0x00007ffe00c07000 	C:\WINDOWS\SYSTEM32\windows.storage.dll
0x00007ffe001d0000 - 0x00007ffe0030f000 	C:\WINDOWS\SYSTEM32\wintypes.dll
0x00007ffe02e30000 - 0x00007ffe02f24000 	C:\WINDOWS\System32\SHCORE.dll
0x00007ffe03830000 - 0x00007ffe0388e000 	C:\WINDOWS\System32\shlwapi.dll
0x00007ffe02340000 - 0x00007ffe02361000 	C:\WINDOWS\SYSTEM32\profapi.dll
0x00007ffdfd540000 - 0x00007ffdfd559000 	C:\Program Files\Android\Android Studio1\jbr\bin\net.dll
0x00007ffdff010000 - 0x00007ffdff146000 	C:\WINDOWS\SYSTEM32\WINHTTP.dll
0x00007ffe018b0000 - 0x00007ffe01919000 	C:\WINDOWS\system32\mswsock.dll
0x00007ffdf42f0000 - 0x00007ffdf4306000 	C:\Program Files\Android\Android Studio1\jbr\bin\nio.dll
0x00007ffdfa7c0000 - 0x00007ffdfa7d0000 	C:\Program Files\Android\Android Studio1\jbr\bin\verify.dll
0x00007ffde0780000 - 0x00007ffde07a7000 	C:\Users\My ASUS\.gradle\native\c067742578af261105cb4f569cf0c3c89f3d7b1fecec35dd04571415982c5e48\windows-amd64\native-platform.dll
0x00007ffdc0df0000 - 0x00007ffdc0f34000 	C:\Users\My ASUS\.gradle\native\38dada09dfb8b06ba9b0570ebf7e218e3eb74d4ef43ca46872605cf95ebc2f47\windows-amd64\native-platform-file-events.dll
0x00007ffdfd530000 - 0x00007ffdfd539000 	C:\Program Files\Android\Android Studio1\jbr\bin\management.dll
0x00007ffdfa880000 - 0x00007ffdfa88b000 	C:\Program Files\Android\Android Studio1\jbr\bin\management_ext.dll
0x00007ffe02fe0000 - 0x00007ffe02fe8000 	C:\WINDOWS\System32\PSAPI.DLL
0x00007ffe01b20000 - 0x00007ffe01b3b000 	C:\WINDOWS\SYSTEM32\CRYPTSP.dll
0x00007ffe01370000 - 0x00007ffe013a5000 	C:\WINDOWS\system32\rsaenh.dll
0x00007ffe019b0000 - 0x00007ffe019d8000 	C:\WINDOWS\SYSTEM32\USERENV.dll
0x00007ffe01b10000 - 0x00007ffe01b1c000 	C:\WINDOWS\SYSTEM32\CRYPTBASE.dll
0x00007ffe00e70000 - 0x00007ffe00e9d000 	C:\WINDOWS\SYSTEM32\IPHLPAPI.DLL
0x00007ffe02fd0000 - 0x00007ffe02fd9000 	C:\WINDOWS\System32\NSI.dll
0x00007ffdfeff0000 - 0x00007ffdff009000 	C:\WINDOWS\SYSTEM32\dhcpcsvc6.DLL
0x00007ffdfef40000 - 0x00007ffdfef5f000 	C:\WINDOWS\SYSTEM32\dhcpcsvc.DLL
0x00007ffe00ea0000 - 0x00007ffe00f98000 	C:\WINDOWS\SYSTEM32\DNSAPI.dll
0x00007ffdfd950000 - 0x00007ffdfd959000 	C:\Program Files\Android\Android Studio1\jbr\bin\extnet.dll
0x00007ffdfdc20000 - 0x00007ffdfdc28000 	C:\WINDOWS\system32\wshunix.dll

dbghelp: loaded successfully - version: 4.0.5 - missing functions: none
symbol engine: initialized successfully - sym options: 0x614 - pdb path: .;C:\Program Files\Android\Android Studio1\jbr\bin;C:\WINDOWS\SYSTEM32;C:\WINDOWS\WinSxS\amd64_microsoft.windows.common-controls_6595b64144ccf1df_6.0.22621.3672_none_2713b9d173822955;C:\Program Files\Android\Android Studio1\jbr\bin\server;C:\Users\My ASUS\.gradle\native\c067742578af261105cb4f569cf0c3c89f3d7b1fecec35dd04571415982c5e48\windows-amd64;C:\Users\My ASUS\.gradle\native\38dada09dfb8b06ba9b0570ebf7e218e3eb74d4ef43ca46872605cf95ebc2f47\windows-amd64

VM Arguments:
jvm_args: --add-opens=java.base/java.util=ALL-UNNAMED --add-opens=java.base/java.lang=ALL-UNNAMED --add-opens=java.base/java.lang.invoke=ALL-UNNAMED --add-opens=java.prefs/java.util.prefs=ALL-UNNAMED --add-opens=java.base/java.nio.charset=ALL-UNNAMED --add-opens=java.base/java.net=ALL-UNNAMED --add-opens=java.base/java.util.concurrent.atomic=ALL-UNNAMED -Xmx2048m -Dfile.encoding=UTF-8 -Duser.country=ID -Duser.language=en -Duser.variant -javaagent:C:\Users\My ASUS\.gradle\wrapper\dists\gradle-8.4-bin\1w5dpkrfk8irigvoxmyhowfim\gradle-8.4\lib\agents\gradle-instrumentation-agent-8.4.jar 
java_command: org.gradle.launcher.daemon.bootstrap.GradleDaemon 8.4
java_class_path (initial): C:\Users\My ASUS\.gradle\wrapper\dists\gradle-8.4-bin\1w5dpkrfk8irigvoxmyhowfim\gradle-8.4\lib\gradle-launcher-8.4.jar
Launcher Type: SUN_STANDARD

[Global flags]
     intx CICompilerCount                          = 12                                        {product} {ergonomic}
     uint ConcGCThreads                            = 3                                         {product} {ergonomic}
     uint G1ConcRefinementThreads                  = 13                                        {product} {ergonomic}
   size_t G1HeapRegionSize                         = 1048576                                   {product} {ergonomic}
    uintx GCDrainStackTargetSize                   = 64                                        {product} {ergonomic}
   size_t InitialHeapSize                          = 260046848                                 {product} {ergonomic}
   size_t MarkStackSize                            = 4194304                                   {product} {ergonomic}
   size_t MaxHeapSize                              = 2147483648                                {product} {command line}
   size_t MaxNewSize                               = 1287651328                                {product} {ergonomic}
   size_t MinHeapDeltaBytes                        = 1048576                                   {product} {ergonomic}
   size_t MinHeapSize                              = 8388608                                   {product} {ergonomic}
    uintx NonNMethodCodeHeapSize                   = 7602480                                {pd product} {ergonomic}
    uintx NonProfiledCodeHeapSize                  = 122027880                              {pd product} {ergonomic}
    uintx ProfiledCodeHeapSize                     = 122027880                              {pd product} {ergonomic}
    uintx ReservedCodeCacheSize                    = 251658240                              {pd product} {ergonomic}
     bool SegmentedCodeCache                       = true                                      {product} {ergonomic}
   size_t SoftMaxHeapSize                          = 2147483648                             {manageable} {ergonomic}
     bool UseCompressedClassPointers               = true                           {product lp64_product} {ergonomic}
     bool UseCompressedOops                        = true                           {product lp64_product} {ergonomic}
     bool UseG1GC                                  = true                                      {product} {ergonomic}
     bool UseLargePagesIndividualAllocation        = false                                  {pd product} {ergonomic}

Logging:
Log output configuration:
 #0: stdout all=warning uptime,level,tags
 #1: stderr all=off uptime,level,tags

Environment Variables:
PATH=D:\ProgramData\Java\OracleXE\dbhomeXE\bin;C:\Program Files\Common Files\Oracle\Java\javapath;C:\Program Files\Eclipse Adoptium\jdk-17.0.7.7-hotspot\bin;C:\Windows\system32;C:\Windows;C:\Windows\System32\Wbem;C:\Windows\System32\WindowsPowerShell\v1.0\;C:\Windows\System32\OpenSSH\;C:\Program Files (x86)\NVIDIA Corporation\PhysX\Common;C:\Program Files\NVIDIA Corporation\NVIDIA NvDLISR;C:\WINDOWS\system32;C:\WINDOWS;C:\WINDOWS\System32\Wbem;C:\WINDOWS\System32\WindowsPowerShell\v1.0\;C:\WINDOWS\System32\OpenSSH\;C:\Program Files (x86)\dotnet\;C:\Program Files\Git\cmd;C:\Program Files\MySQL\MySQL Server 8.0\bin;D:\ProgramData\Anaconda\Scripts\;D:\ProgramData\Anaconda\;C:\php-8.2.7;C:\Program Files (x86)\Rational\common;C:\ProgramData\ComposerSetup\bin;D:\ProgramData\nodejs;C:\Program Files\MySQL\MySQL Shell 8.0\bin\;C:\Users\My ASUS\AppData\Local\Microsoft\WindowsApps;C:\Users\My ASUS\AppData\Local\Programs\Microsoft VS Code\bin;C:\Users\My ASUS\AppData\Roaming\Composer\vendor\bin;C:\Users\My ASUS\AppData\Roaming\npm;C:\Tools\Gradle\gradle-8.6\bin;;C:\Program Files\JetBrains\IntelliJ IDEA Community Edition 2023.3.4\bin;
USERNAME=My ASUS
OS=Windows_NT
PROCESSOR_IDENTIFIER=AMD64 Family 23 Model 96 Stepping 1, AuthenticAMD
TMP=C:\Users\MYASUS~1\AppData\Local\Temp
TEMP=C:\Users\MYASUS~1\AppData\Local\Temp



Periodic native trim disabled

JNI global refs:
JNI global refs: 35, weak refs: 0

JNI global refs memory usage: 843, weak refs: 841

OOME stack traces (most recent first):
Classloader memory used:
Loader org.gradle.internal.classloader.VisitableURLClassLoader                         : 3300K
Loader bootstrap                                                                       : 2392K
Loader org.gradle.initialization.MixInLegacyTypesClassLoader                           : 857K
Loader jdk.internal.loader.ClassLoaders$PlatformClassLoader                            : 67497B
Loader jdk.internal.loader.ClassLoaders$AppClassLoader                                 : 28453B
Loader org.gradle.internal.classloader.VisitableURLClassLoader                         : 11532B
Loader jdk.internal.reflect.DelegatingClassLoader                                      : 7725B
Loader org.gradle.internal.classloader.VisitableURLClassLoader$InstrumentingVisitableURLClassLoader: 3850B

Classes loaded by more than one classloader:
Class org.gradle.internal.installation.GradleInstallation                             : loaded 2 times (x 73B)
Class org.gradle.internal.classpath.ClassPath                                         : loaded 2 times (x 68B)
Class org.gradle.api.internal.classpath.DefaultModuleRegistry                         : loaded 2 times (x 84B)
Class Settings_gradle$1$1                                                             : loaded 2 times (x 73B)
Class org.gradle.api.Action                                                           : loaded 2 times (x 68B)
Class org.gradle.api.internal.DefaultClassPathProvider                                : loaded 2 times (x 74B)
Class org.gradle.internal.installation.GradleInstallation$1                           : loaded 2 times (x 73B)
Class org.gradle.internal.classloader.FilteringClassLoader                            : loaded 2 times (x 103B)
Class org.gradle.internal.classpath.DefaultClassPath$ImmutableUniqueList$Builder      : loaded 2 times (x 73B)
Class org.gradle.internal.classloader.ClassLoaderVisitor                              : loaded 2 times (x 74B)
Class org.gradle.internal.service.DefaultServiceLocator                               : loaded 2 times (x 81B)
Class org.gradle.internal.service.UnknownServiceException                             : loaded 2 times (x 81B)
Class org.gradle.internal.classloader.DefaultClassLoaderFactory                       : loaded 2 times (x 80B)
Class org.gradle.internal.classloader.VisitableURLClassLoader$Spec                    : loaded 2 times (x 72B)
Class org.gradle.api.GradleException                                                  : loaded 2 times (x 80B)
Class org.gradle.api.internal.classpath.ModuleRegistry                                : loaded 2 times (x 68B)
Class org.gradle.api.internal.ClassPathProvider                                       : loaded 2 times (x 68B)
Class org.gradle.internal.classloader.ClasspathUtil$1                                 : loaded 2 times (x 74B)
Class org.gradle.internal.classloader.ClassLoaderFactory                              : loaded 2 times (x 68B)
Class org.gradle.api.internal.classpath.ManifestUtil                                  : loaded 2 times (x 69B)
Class org.gradle.api.specs.Spec                                                       : loaded 2 times (x 68B)
Class org.gradle.internal.IoActions                                                   : loaded 2 times (x 69B)
Class Settings_gradle$1$1$1                                                           : loaded 2 times (x 73B)
Class org.gradle.api.internal.classpath.EffectiveClassPath                            : loaded 2 times (x 88B)
Class org.gradle.internal.installation.CurrentGradleInstallation                      : loaded 2 times (x 71B)
Class org.gradle.internal.agents.InstrumentingClassLoader                             : loaded 2 times (x 68B)
Class org.gradle.internal.installation.CurrentGradleInstallationLocator               : loaded 2 times (x 69B)
Class org.gradle.api.internal.classpath.Module                                        : loaded 2 times (x 68B)
Class org.gradle.internal.service.CachingServiceLocator                               : loaded 2 times (x 80B)
Class org.gradle.internal.classpath.DefaultClassPath                                  : loaded 2 times (x 88B)
Class org.gradle.internal.classloader.SystemClassLoaderSpec                           : loaded 2 times (x 69B)
Class org.gradle.api.UncheckedIOException                                             : loaded 2 times (x 80B)
Class Program                                                                         : loaded 2 times (x 70B)
Class org.gradle.internal.classloader.ClasspathUtil                                   : loaded 2 times (x 69B)
Class org.gradle.api.internal.DefaultClassPathRegistry                                : loaded 2 times (x 74B)
Class org.gradle.api.internal.classpath.DefaultModuleRegistry$DefaultModule           : loaded 2 times (x 84B)
Class org.gradle.api.internal.classpath.UnknownModuleException                        : loaded 2 times (x 80B)
Class org.gradle.internal.service.ServiceLookupException                              : loaded 2 times (x 80B)
Class org.gradle.cache.GlobalCache                                                    : loaded 2 times (x 68B)
Class [Lorg.gradle.api.internal.ClassPathProvider;                                    : loaded 2 times (x 67B)
Class org.gradle.util.internal.GUtil                                                  : loaded 2 times (x 69B)
Class org.gradle.internal.classloader.ClassLoaderSpec                                 : loaded 2 times (x 69B)
Class org.gradle.internal.classloader.VisitableURLClassLoader                         : loaded 2 times (x 115B)
Class org.gradle.internal.Cast                                                        : loaded 2 times (x 69B)
Class org.gradle.api.internal.ClassPathRegistry                                       : loaded 2 times (x 68B)
Class org.gradle.internal.classloader.VisitableURLClassLoader$InstrumentingVisitableURLClassLoader: loaded 2 times (x 121B)
Class org.gradle.internal.classloader.ClassLoaderHierarchy                            : loaded 2 times (x 68B)
Class org.gradle.internal.InternalTransformer                                         : loaded 2 times (x 68B)
Class org.gradle.internal.service.ServiceLocator                                      : loaded 2 times (x 68B)
Class Settings_gradle$1                                                               : loaded 2 times (x 73B)
Class org.gradle.internal.classpath.DefaultClassPath$ImmutableUniqueList              : loaded 2 times (x 159B)
Class org.gradle.internal.classpath.TransformedClassPath                              : loaded 2 times (x 94B)
Class Settings_gradle                                                                 : loaded 2 times (x 126B)


---------------  S Y S T E M  ---------------

OS:
 Windows 11 , 64 bit Build 22621 (10.0.22621.3672)
OS uptime: 3 days 1:22 hours
Hyper-V role detected

CPU: total 16 (initial active 16) (16 cores per cpu, 2 threads per core) family 23 model 96 stepping 1 microcode 0x0, cx8, cmov, fxsr, ht, mmx, 3dnowpref, sse, sse2, sse3, ssse3, sse4a, sse4.1, sse4.2, popcnt, lzcnt, tsc, tscinvbit, avx, avx2, aes, clmul, bmi1, bmi2, adx, sha, fma, vzeroupper, clflush, clflushopt, hv
Processor Information for all 16 processors :
  Max Mhz: 2901, Current Mhz: 2901, Mhz Limit: 2901

Memory: 4k page, system-wide physical 15790M (1497M free)
TotalPageFile size 37023M (AvailPageFile size 6M)
current process WorkingSet (physical memory assigned to process): 288M, peak: 298M
current process commit charge ("private bytes"): 337M, peak: 409M

vm_info: OpenJDK 64-Bit Server VM (17.0.10+0--11609105) for windows-amd64 JRE (17.0.10+0--11609105), built on Mar 21 2024 19:10:56 by "androidbuild" with MS VC++ 16.10 / 16.11 (VS2019)

END.
